[debug] [2025-01-04T15:15:52.354Z] ----------------------------------------------------------------------
[debug] [2025-01-04T15:15:52.359Z] Command:       C:\Program Files\nodejs\node.exe C:\Users\ajays\AppData\Roaming\npm\node_modules\firebase-tools\lib\bin\firebase.js init
[debug] [2025-01-04T15:15:52.359Z] CLI Version:   13.29.1
[debug] [2025-01-04T15:15:52.360Z] Platform:      win32
[debug] [2025-01-04T15:15:52.360Z] Node Version:  v22.12.0
[debug] [2025-01-04T15:15:52.360Z] Time:          Sat Jan 04 2025 20:45:52 GMT+0530 (India Standard Time)
[debug] [2025-01-04T15:15:52.361Z] ----------------------------------------------------------------------
[debug] 
[debug] [2025-01-04T15:15:52.374Z] > command requires scopes: ["email","openid","https://www.googleapis.com/auth/cloudplatformprojects.readonly","https://www.googleapis.com/auth/firebase","https://www.googleapis.com/auth/cloud-platform"]
[debug] [2025-01-04T15:15:52.375Z] > authorizing via signed-in user (ajaysehwal000@gmail.com)
[info] 
     ######## #### ########  ######## ########     ###     ######  ########
     ##        ##  ##     ## ##       ##     ##  ##   ##  ##       ##
     ######    ##  ########  ######   ########  #########  ######  ######
     ##        ##  ##    ##  ##       ##     ## ##     ##       ## ##
     ##       #### ##     ## ######## ########  ##     ##  ######  ########

You're about to initialize a Firebase project in this directory:

  C:\Users\ajays\mos\3d-view

[info] 
=== Project Setup
[info] 
[info] First, let's associate this project directory with a Firebase project.
[info] You can create multiple project aliases by running firebase use --add, 
[info] but for now we'll just set up a default project.
[info] 
[debug] [2025-01-04T15:18:49.694Z] Checked if tokens are valid: true, expires at: 1736007214394
[debug] [2025-01-04T15:18:49.695Z] Checked if tokens are valid: true, expires at: 1736007214394
[debug] [2025-01-04T15:18:49.700Z] >>> [apiv2][query] GET https://firebase.googleapis.com/v1beta1/projects pageSize=100
[debug] [2025-01-04T15:18:50.826Z] <<< [apiv2][status] GET https://firebase.googleapis.com/v1beta1/projects 200
[debug] [2025-01-04T15:18:50.826Z] <<< [apiv2][body] GET https://firebase.googleapis.com/v1beta1/projects [omitted]
[info] i  Using project dreamdesignarchitects-a95fc (dreamdesignarchitects) 
[info] 
=== Dataconnect Setup
[debug] [2025-01-04T15:19:07.926Z] Checked if tokens are valid: true, expires at: 1736007214394
[debug] [2025-01-04T15:19:07.927Z] Checked if tokens are valid: true, expires at: 1736007214394
[debug] [2025-01-04T15:19:07.927Z] >>> [apiv2][query] GET https://cloudbilling.googleapis.com/v1/projects/dreamdesignarchitects-a95fc/billingInfo [none]
[debug] [2025-01-04T15:19:09.419Z] <<< [apiv2][status] GET https://cloudbilling.googleapis.com/v1/projects/dreamdesignarchitects-a95fc/billingInfo 200
[debug] [2025-01-04T15:19:09.420Z] <<< [apiv2][body] GET https://cloudbilling.googleapis.com/v1/projects/dreamdesignarchitects-a95fc/billingInfo {"name":"projects/dreamdesignarchitects-a95fc/billingInfo","projectId":"dreamdesignarchitects-a95fc","billingAccountName":"","billingEnabled":false}
[info] i  dataconnect: ensuring required API sqladmin.googleapis.com is enabled... 
[debug] [2025-01-04T15:19:09.422Z] Checked if tokens are valid: true, expires at: 1736007214394
[debug] [2025-01-04T15:19:09.423Z] Checked if tokens are valid: true, expires at: 1736007214394
[debug] [2025-01-04T15:19:09.423Z] >>> [apiv2][query] GET https://serviceusage.googleapis.com/v1/projects/dreamdesignarchitects-a95fc/services/sqladmin.googleapis.com [none]
[debug] [2025-01-04T15:19:09.423Z] >>> [apiv2][(partial)header] GET https://serviceusage.googleapis.com/v1/projects/dreamdesignarchitects-a95fc/services/sqladmin.googleapis.com x-goog-quota-user=projects/dreamdesignarchitects-a95fc
[debug] [2025-01-04T15:19:11.293Z] <<< [apiv2][status] GET https://serviceusage.googleapis.com/v1/projects/dreamdesignarchitects-a95fc/services/sqladmin.googleapis.com 200
[debug] [2025-01-04T15:19:11.294Z] <<< [apiv2][body] GET https://serviceusage.googleapis.com/v1/projects/dreamdesignarchitects-a95fc/services/sqladmin.googleapis.com [omitted]
[warn] !  dataconnect: missing required API sqladmin.googleapis.com. Enabling now... 
[debug] [2025-01-04T15:19:11.297Z] Checked if tokens are valid: true, expires at: 1736007214394
[debug] [2025-01-04T15:19:11.298Z] Checked if tokens are valid: true, expires at: 1736007214394
[debug] [2025-01-04T15:19:11.298Z] >>> [apiv2][query] POST https://serviceusage.googleapis.com/v1/projects/dreamdesignarchitects-a95fc/services/sqladmin.googleapis.com:enable [none]
[debug] [2025-01-04T15:19:11.298Z] >>> [apiv2][(partial)header] POST https://serviceusage.googleapis.com/v1/projects/dreamdesignarchitects-a95fc/services/sqladmin.googleapis.com:enable x-goog-quota-user=projects/dreamdesignarchitects-a95fc
[debug] [2025-01-04T15:19:13.109Z] <<< [apiv2][status] POST https://serviceusage.googleapis.com/v1/projects/dreamdesignarchitects-a95fc/services/sqladmin.googleapis.com:enable 200
[debug] [2025-01-04T15:19:13.109Z] <<< [apiv2][body] POST https://serviceusage.googleapis.com/v1/projects/dreamdesignarchitects-a95fc/services/sqladmin.googleapis.com:enable [omitted]
[debug] [2025-01-04T15:19:23.116Z] Checked if tokens are valid: true, expires at: 1736007214394
[debug] [2025-01-04T15:19:23.116Z] Checked if tokens are valid: true, expires at: 1736007214394
[debug] [2025-01-04T15:19:23.117Z] >>> [apiv2][query] GET https://serviceusage.googleapis.com/v1/projects/dreamdesignarchitects-a95fc/services/sqladmin.googleapis.com [none]
[debug] [2025-01-04T15:19:23.117Z] >>> [apiv2][(partial)header] GET https://serviceusage.googleapis.com/v1/projects/dreamdesignarchitects-a95fc/services/sqladmin.googleapis.com x-goog-quota-user=projects/dreamdesignarchitects-a95fc
[debug] [2025-01-04T15:19:25.081Z] <<< [apiv2][status] GET https://serviceusage.googleapis.com/v1/projects/dreamdesignarchitects-a95fc/services/sqladmin.googleapis.com 200
[debug] [2025-01-04T15:19:25.082Z] <<< [apiv2][body] GET https://serviceusage.googleapis.com/v1/projects/dreamdesignarchitects-a95fc/services/sqladmin.googleapis.com [omitted]
[info] +  dataconnect: required API sqladmin.googleapis.com is enabled 
[info] +  Wrote dataconnect\dataconnect.yaml 
[info] +  Wrote dataconnect\schema\schema.gql 
[info] +  Wrote dataconnect\connector\connector.yaml 
[info] +  Wrote dataconnect\connector\queries.gql 
[info] +  Wrote dataconnect\connector\mutations.gql 
[info] +  Detected WEB app in directory C:\Users\ajays\mos\3d-view 
[info] i  Wrote new config to C:\Users\ajays\mos\3d-view\dataconnect\connector/connector.yaml 
[info] i  dataconnect: downloading dataconnect-emulator-1.7.5.exe... {"metadata":{"emulator":{"name":"dataconnect"},"message":"downloading dataconnect-emulator-1.7.5.exe..."}}
[debug] [2025-01-04T15:26:11.299Z] >>> [apiv2][query] GET https://storage.googleapis.com/firemat-preview-drop/emulator/dataconnect-emulator-windows-v1.7.5 
[debug] [2025-01-04T15:26:22.390Z] *** [apiv2] error from fetch(https://storage.googleapis.com/firemat-preview-drop/emulator/dataconnect-emulator-windows-v1.7.5, {"headers":{},"method":"GET"}): FetchError: request to https://storage.googleapis.com/firemat-preview-drop/emulator/dataconnect-emulator-windows-v1.7.5 failed, reason: getaddrinfo ENOTFOUND storage.googleapis.com
